{
  "RSpec": {
    "coverage": {
      "/home/shacoca/tic-tac-toe-rb-online-web-sp-000/lib/tic_tac_toe.rb": [
        null,
        1,
        null,
        null,
        null,
        null,
        null,
        null,
        null,
        null,
        null,
        null,
        null,
        1,
        1,
        1,
        1,
        1,
        1,
        1,
        null,
        null,
        1,
        9316,
        null,
        null,
        1,
        1,
        1,
        null,
        null,
        1,
        9316,
        null,
        9316,
        1,
        9315,
        0,
        9315,
        0,
        9315,
        9315,
        0,
        0,
        null,
        null,
        null,
        1,
        null,
        9316,
        1,
        null,
        9315,
        null,
        null,
        null,
        1,
        9317,
        9316,
        9316,
        null,
        9316,
        1,
        1,
        null,
        9315,
        null,
        null,
        null,
        1,
        10,
        1,
        null,
        null,
        1,
        1,
        1,
        null,
        null,
        1,
        2,
        null,
        null,
        null,
        null,
        2,
        16,
        16,
        16,
        null,
        null,
        16,
        null,
        0,
        null,
        null,
        null,
        2,
        null,
        null,
        1,
        0,
        null,
        null,
        1,
        null,
        null,
        null,
        0,
        0,
        0,
        0,
        null,
        null,
        null,
        1,
        null,
        null,
        0,
        null,
        null,
        1,
        null,
        null,
        0,
        0,
        null,
        null,
        1,
        1,
        2,
        null,
        0,
        0,
        0,
        0,
        null,
        null
      ]
    },
    "timestamp": 1596693492
  }
}
