{
  "RSpec": {
    "coverage": {
      "/home/shacoca/tic-tac-toe-rb-online-web-sp-000/lib/tic_tac_toe.rb": [
        null,
        1,
        null,
        null,
        null,
        null,
        null,
        null,
        null,
        null,
        null,
        null,
        null,
        1,
        9,
        9,
        9,
        9,
        9,
        9,
        null,
        null,
        1,
        9,
        null,
        null,
        1,
        9,
        9,
        null,
        null,
        1,
        9,
        null,
        9,
        9,
        0,
        0,
        0,
        0,
        0,
        0,
        0,
        0,
        null,
        null,
        null,
        1,
        null,
        9,
        9,
        null,
        0,
        null,
        null,
        null,
        1,
        9,
        9,
        9,
        null,
        9,
        9,
        9,
        null,
        0,
        null,
        null,
        null,
        1,
        90,
        9,
        null,
        null,
        1,
        9,
        9,
        null,
        null,
        1,
        26,
        null,
        null,
        null,
        null,
        26,
        208,
        208,
        208,
        null,
        null,
        208,
        null,
        2,
        null,
        null,
        null,
        26,
        null,
        null,
        1,
        56,
        null,
        null,
        1,
        null,
        null,
        null,
        8,
        0,
        8,
        8,
        null,
        null,
        null,
        1,
        null,
        null,
        6,
        null,
        null,
        1,
        null,
        null,
        0,
        0,
        null,
        null,
        1,
        8,
        9,
        9,
        1,
        8,
        0,
        null,
        null,
        null
      ]
    },
    "timestamp": 1596696554
  }
}
